<nodeTypes xmlns:nt="http://www.jcp.org/jcr/nt/1.0" xmlns:mix="http:/www.jcp.org/jcr/mix/1.0" xmlns:jcr="http://www.jcp.org/jcr/1.0" xmlns:dc="http://purl.org/dc/elements/1.1/">

   <nodeType name="cmis:article" isMixin="false" hasOrderableChildNodes="false" primaryItemName="">
      <supertypes>
         <supertype>nt:file</supertype>
      </supertypes>
      <propertyDefinitions>
         <propertyDefinition name="cmis:article-title" requiredType="String" autoCreated="true" mandatory="false" onParentVersion="COPY"
            protected="false" multiple="false">
            <defaultValues>
               <defaultValue>hello</defaultValue>
            </defaultValues>
         </propertyDefinition>
      </propertyDefinitions>
   </nodeType>

   <nodeType name="cmis:article-sports" isMixin="false" hasOrderableChildNodes="false" primaryItemName="">
      <supertypes>
         <supertype>cmis:article</supertype>
      </supertypes>
   </nodeType>

   <nodeType name="cmis:article-animals" isMixin="false" hasOrderableChildNodes="false" primaryItemName="">
      <supertypes>
         <supertype>cmis:article</supertype>
      </supertypes>
   </nodeType>

   <nodeType name="cmis:sport-football" isMixin="false" hasOrderableChildNodes="false" primaryItemName="">
      <supertypes>
         <supertype>cmis:article-sports</supertype>
      </supertypes>
   </nodeType>

   <nodeType name="cmis:animals-dogs" isMixin="false" hasOrderableChildNodes="false" primaryItemName="">
      <supertypes>
         <supertype>cmis:article-animals</supertype>
      </supertypes>
   </nodeType>

   <nodeType name="cmis:football-DynamoK" isMixin="false" hasOrderableChildNodes="false" primaryItemName="">
      <supertypes>
         <supertype>cmis:sport-football</supertype>
      </supertypes>
   </nodeType>

   <nodeType name="cmis:type-test" isMixin="false" hasOrderableChildNodes="false" primaryItemName="">
      <supertypes>
         <supertype>nt:file</supertype>
      </supertypes>
      <propertyDefinitions>
         <propertyDefinition name="cmis:boolean-type" requiredType="Boolean" autoCreated="false" mandatory="false" onParentVersion="COPY"
            protected="false" multiple="false">
         </propertyDefinition>
         <propertyDefinition name="cmis:integer-type" requiredType="Long" autoCreated="false" mandatory="false" onParentVersion="COPY"
            protected="false" multiple="false">
         </propertyDefinition>
         <propertyDefinition name="cmis:datetime-type" requiredType="Date" autoCreated="false" mandatory="false" onParentVersion="COPY"
            protected="false" multiple="false">
         </propertyDefinition>
         <propertyDefinition name="cmis:decimal-type" requiredType="Double" autoCreated="false" mandatory="false" onParentVersion="COPY"
            protected="false" multiple="false">
         </propertyDefinition>
         <propertyDefinition name="cmis:string-type" requiredType="String" autoCreated="false" mandatory="false" onParentVersion="COPY"
            protected="false" multiple="false">
         </propertyDefinition>
         <propertyDefinition name="cmis:id-type" requiredType="String" autoCreated="false" mandatory="false" onParentVersion="COPY"
            protected="false" multiple="false">
         </propertyDefinition>
         <propertyDefinition name="cmis:id-type_xcmis_property_type" requiredType="String" autoCreated="false" mandatory="false"
            onParentVersion="COPY" protected="false" multiple="false">
            <defaultValues>
               <defaultValue>id</defaultValue>
            </defaultValues>
         </propertyDefinition>
         <propertyDefinition name="cmis:html-type" requiredType="String" autoCreated="false" mandatory="false" onParentVersion="COPY"
            protected="false" multiple="false">
         </propertyDefinition>
         <propertyDefinition name="cmis:html-type_xcmis_property_type" requiredType="String" autoCreated="false" mandatory="false"
            onParentVersion="COPY" protected="false" multiple="false">
            <defaultValues>
               <defaultValue>html</defaultValue>
            </defaultValues>
         </propertyDefinition>
         <propertyDefinition name="cmis:uri-type" requiredType="String" autoCreated="false" mandatory="false" onParentVersion="COPY"
            protected="false" multiple="false">
         </propertyDefinition>
         <propertyDefinition name="cmis:uri-type_xcmis_property_type" requiredType="String" autoCreated="false" mandatory="false"
            onParentVersion="COPY" protected="false" multiple="false">
            <defaultValues>
               <defaultValue>uri</defaultValue>
            </defaultValues>
         </propertyDefinition>
      </propertyDefinitions>
   </nodeType>


   <nodeType name="cmis:nasa-mission" isMixin="false" hasOrderableChildNodes="false" primaryItemName="">
      <supertypes>
         <supertype>nt:file</supertype>
      </supertypes>
      <propertyDefinitions>
         <propertyDefinition name="cmis:booster-name" requiredType="String" autoCreated="false" mandatory="false" onParentVersion="COPY"
            protected="false" multiple="false">
         </propertyDefinition>
         <propertyDefinition name="cmis:commander" requiredType="String" autoCreated="false" mandatory="false" onParentVersion="COPY"
            protected="false" multiple="false">
         </propertyDefinition>
         <propertyDefinition name="cmis:command-module-pilot" requiredType="String" autoCreated="false" mandatory="false" onParentVersion="COPY"
            protected="false" multiple="false">
         </propertyDefinition>
         <propertyDefinition name="cmis:lunar-module-pilot" requiredType="String" autoCreated="false" mandatory="false" onParentVersion="COPY"
            protected="false" multiple="false">
         </propertyDefinition>
         <propertyDefinition name="cmis:booster-mass" requiredType="Double" autoCreated="false" mandatory="false" onParentVersion="COPY"
            protected="false" multiple="false">
         </propertyDefinition>
         <propertyDefinition name="cmis:sample-returned" requiredType="Double" autoCreated="false" mandatory="false" onParentVersion="COPY"
            protected="false" multiple="false">
         </propertyDefinition>
         <propertyDefinition name="cmis:status" requiredType="Boolean" autoCreated="false" mandatory="false" onParentVersion="COPY"
            protected="false" multiple="false">
         </propertyDefinition>
      </propertyDefinitions>
   </nodeType>

</nodeTypes>