<?xml version="1.0" encoding="ISO-8859-1"?>

<configuration
	xmlns:xsi="http://www.w3.org/2001/XMLSchema-instance"
	xsi:schemaLocation="http://www.exoplatform.org/xml/ns/kernel_1_2.xsd http://www.exoplatform.org/xml/ns/kernel_1_2.xsd"
	xmlns="http://www.exoplatform.org/xml/ns/kernel_1_2.xsd">
    
  <external-component-plugins>
    <target-component>org.exoplatform.services.cms.metadata.MetadataService</target-component>
      <component-plugin>
        <name>addPlugins</name>
        <set-method>addPlugins</set-method>
        <type>org.exoplatform.services.cms.templates.impl.TemplatePlugin</type>    
        <init-params>
        	<value-param>
	        	<name>autoCreateInNewRepository</name>
	        	<value>true</value>
	        </value-param>
	        <value-param>
	        	<name>storedLocation</name>
	        	<value>jar:/conf/dms/artifacts/metadata</value>
	        </value-param>
          <object-param>
            <name>metadata.template.configuration</name>
            <description>configuration for the localtion of templates to inject in jcr</description>
            <object type="org.exoplatform.services.cms.templates.impl.TemplateConfig">            	
              <field  name="nodeTypes">
                <collection type="java.util.ArrayList">               
                  <value>
                    <object type="org.exoplatform.services.cms.templates.impl.TemplateConfig$NodeType">
                      <field  name="nodetypeName"><string>dc:elementSet</string></field>
                      <field  name="documentTemplate"><boolean>false</boolean></field>
                      <field  name="label"><string>Dublin Core</string></field>
                      <field  name="referencedDialog">
                        <collection type="java.util.ArrayList">
                          <value>                    
                            <object type="org.exoplatform.services.cms.templates.impl.TemplateConfig$Template">             
                              <field name="templateFile"><string>/elementSet/dialogs/dialog1.gtmpl</string></field>
                              <field name="roles"><string>*</string></field>                
                            </object>                      
                          </value>
                        </collection>
                      </field> 
                      <field name="referencedView">
                        <collection type="java.util.ArrayList">
                          <value>                    
                            <object type="org.exoplatform.services.cms.templates.impl.TemplateConfig$Template">             
                              <field name="templateFile"><string>/elementSet/views/view1.gtmpl</string></field>
                              <field name="roles"><string>*</string></field>                
                            </object>                      
                          </value>
                        </collection>
                      </field>                                   
                    </object>
                  </value>
                </collection>
              </field>
            </object>
          </object-param>
        </init-params>       
      </component-plugin>
  </external-component-plugins>
  
</configuration>
