<?xml version="1.0" encoding="ISO-8859-1"?>
<configuration xmlns:xsi="http://www.w3.org/2001/XMLSchema-instance" xsi:schemaLocation="http://www.exoplatform.org/xml/ns/kernel_1_2.xsd http://www.exoplatform.org/xml/ns/kernel_1_2.xsd"
   xmlns="http://www.exoplatform.org/xml/ns/kernel_1_2.xsd">

   <component>
      <key>org.exoplatform.services.log.LogConfigurationInitializer</key>
      <type>org.exoplatform.services.log.LogConfigurationInitializer</type>
      <init-params>
         <value-param>
            <name>logger</name>
            <value>org.slf4j.Logger</value>
         </value-param>
         <value-param>
            <name>configurator</name>
            <value>org.exoplatform.services.log.impl.Log4JConfigurator</value>
         </value-param>
         <properties-param>
            <name>properties</name>
            <description>Log4J properties</description>
            <property name="log4j.rootLogger" value="INFO, stdout"/>
            <property name="log4j.appender.stdout" value="org.apache.log4j.ConsoleAppender"/>
            <property name="log4j.appender.stdout.threshold" value="DEBUG"/>
            <property name="log4j.appender.stdout.layout" value="org.apache.log4j.PatternLayout"/>
            <property name="log4j.appender.stdout.layout.ConversionPattern" value="%d{dd.MM.yyyy HH:mm:ss} *%-5p* [%t] %c{1}: %m (%F, line %L) %n"/>
            <property name="log4j.appender.file" value="org.apache.log4j.FileAppender"/>
            <property name="log4j.appender.file.File" value="target/container.log"/>
            <property name="log4j.appender.file.layout" value="org.apache.log4j.PatternLayout"/>
            <property name="log4j.appender.file.layout.ConversionPattern" value="%d{dd.MM.yyyy HH:mm:ss} *%-5p* [%t] %c{1}: %m (%F, line %L) %n"/>
         </properties-param>
      </init-params>
   </component>

   <component>
      <key>org.exoplatform.services.jcr.RepositoryService</key>
      <type>org.exoplatform.services.jcr.impl.RepositoryServiceImpl</type>
      <component-plugins>
         <component-plugin>
            <name>add.namespaces</name>
            <set-method>addPlugin</set-method>
            <type>org.exoplatform.services.jcr.impl.AddNamespacesPlugin</type>
            <init-params>
               <properties-param>
                  <name>namespaces</name>
                  <property name="dc" value="http://purl.org/dc/elements/1.1/"/>
                  <property name="rma" value="http://www.rma.com/jcr/"/>
                  <property name="metadata" value="http://www.exoplatform.com/jcr/metadata/1.1/"/>
                  <property name="Fwd" value="http://www.exoplatform.com/jcr/Fwd/1.1/"/>
                  <property name="Re" value="http://www.exoplatform.com/jcr/Re/1.1/"/>
                  <property name="kfx" value="http://www.exoplatform.com/jcr/kfx/1.1/"/>
                  <property name="cmis" value="http://www.exoplatform.com/jcr/cmis/1.0"/>
                  <property name="xcmis" value="http://www.exoplatform.com/jcr/xcmis/1.0"/>
               </properties-param>
            </init-params>
         </component-plugin>
         <component-plugin>
            <name>add.nodeType</name>
            <set-method>addPlugin</set-method>
            <type>org.exoplatform.services.jcr.impl.AddNodeTypePlugin</type>
            <init-params>
               <values-param>
                  <name>autoCreatedInNewRepository</name>
                  <description>Node types configuration file</description>
                  <value>jar:/conf/cmis-nodetypes-config.xml</value>
                  <value>jar:/conf/test/test-cmis-nodetypes-config.xml</value>
                  <value>jar:/conf/ext-nodetypes-config.xml</value>
                  <value>classpath:/conf/standalone/nodetypes/test-nodetypes-config.xml</value>
                  <value>classpath:/conf/standalone/nodetypes/test-nodetypes-config-extended.xml</value>


               </values-param>
            </init-params>
         </component-plugin>
      </component-plugins>
   </component>

  <component>
    <key>org.exoplatform.services.jcr.ext.hierarchy.NodeHierarchyCreator</key>
    <type>org.exoplatform.services.jcr.ext.hierarchy.impl.NodeHierarchyCreatorImpl</type>
    <init-params>
      <value-param>
        <name>old-user-distribution</name>
        <value>true</value>
      </value-param>
    </init-params>           
  </component>
		
  <component>
    <key>org.exoplatform.services.jcr.ext.distribution.DataDistributionManager</key>
    <type>org.exoplatform.services.jcr.ext.distribution.impl.DataDistributionManagerImpl</type>     
  </component>

   <component>
      <type>org.exoplatform.services.cms.impl.DMSConfiguration</type>
   </component>

   <component>
      <key>org.exoplatform.services.cache.CacheService</key>
      <jmx-name>cache:type=CacheService</jmx-name>
      <type>org.exoplatform.services.cache.impl.CacheServiceImpl</type>
      <init-params>
         <object-param>
            <name>cache.config.default</name>
            <description>The default cache configuration</description>
            <object type="org.exoplatform.services.cache.ExoCacheConfig">
               <field name="name">
                  <string>default</string>
               </field>
               <field name="maxSize">
                  <int>300</int>
               </field>
               <field name="liveTime">
                  <long>300</long>
               </field>
               <field name="distributed">
                  <boolean>false</boolean>
               </field>
               <field name="implementation">
                  <string>org.exoplatform.services.cache.concurrent.ConcurrentFIFOExoCache</string>
               </field>
            </object>
         </object-param>
      </init-params>
   </component>

  <component>
    <key>org.exoplatform.services.jdbc.DataSourceProvider</key>
    <type>org.exoplatform.services.jdbc.impl.DataSourceProviderImpl</type>
   </component>

   <component>
      <key>org.exoplatform.services.jcr.config.RepositoryServiceConfiguration</key>
      <type>org.exoplatform.services.jcr.impl.config.RepositoryServiceConfigurationImpl</type>
      <init-params>
         <value-param>
            <name>conf-path</name>
            <description>JCR configuration file</description>
            <value>jar:/conf/standalone/test-jcr-cmis-config.xml</value>
         </value-param>
      </init-params>
   </component>

   <component>
      <key>org.exoplatform.services.idgenerator.IDGeneratorService</key>
      <type>org.exoplatform.services.idgenerator.impl.IDGeneratorServiceImpl</type>
   </component>

   <component>
      <type>org.exoplatform.ecms.xcmis.sp.DriveCmisRegistry</type>
      <init-params>
         <value-param>
            <name>indexDir</name>
            <value>target/temp/index/</value>
         </value-param>
         <value-param>
            <name>repository</name>
            <value>db1</value>
         </value-param>
      </init-params>
   </component>

   <component>
      <type>org.exoplatform.services.jcr.ext.app.ThreadLocalSessionProviderService</type>
   </component>

   <component>
      <type>org.exoplatform.services.jcr.ext.registry.RegistryService</type>
      <init-params>
         <properties-param>
            <name>locations</name>
            <property name="db1" value="ws1"/>
         </properties-param>
      </init-params>
   </component>

  <component>
    <type>org.exoplatform.services.jcr.impl.RepositoryCreationSynchronizer</type>
    <init-params>
       <value-param>
          <name>disabled</name>
          <value>false</value>
       </value-param>
    </init-params>
  </component>

   <component>
      <type>org.xcmis.spi.PermissionService</type>
   </component>

   <component>
      <type>org.exoplatform.services.organization.impl.mock.DummyOrganizationService</type>
   </component>

   <component>
      <key>org.exoplatform.services.security.Authenticator</key>
      <type>org.exoplatform.services.organization.auth.OrganizationAuthenticatorImpl</type>
   </component>

   <component>
      <type>org.exoplatform.services.security.IdentityRegistry</type>
   </component>

   <component>
      <key>org.exoplatform.services.naming.InitialContextInitializer</key>
      <type>org.exoplatform.services.naming.InitialContextInitializer</type>
      <init-params>
         <properties-param>
            <name>default-properties</name>
            <description>Default initial context properties</description>
            <property name="java.naming.factory.initial" value="org.exoplatform.services.naming.SimpleContextFactory"/>
         </properties-param>
      </init-params>
   </component>
   <component>
      <key>org.exoplatform.services.cms.drives.ManageDriveService</key>
      <type>org.exoplatform.services.cms.drives.impl.ManageDriveServiceImpl</type>
   </component>


   <external-component-plugins>
      <target-component>org.exoplatform.services.naming.InitialContextInitializer</target-component>
      <component-plugin>
         <name>bind.datasource</name>
         <set-method>addPlugin</set-method>
         <type>org.exoplatform.services.naming.BindReferencePlugin</type>
         <init-params>
            <value-param>
               <name>bind-name</name>
               <value>jdbcexo</value>
            </value-param>
            <value-param>
               <name>class-name</name>
               <value>javax.sql.DataSource</value>
            </value-param>
            <value-param>
               <name>factory</name>
               <value>org.apache.commons.dbcp.BasicDataSourceFactory</value>
            </value-param>
            <properties-param>
               <name>ref-addresses</name>
               <description>ref-addresses</description>
               <property name="driverClassName" value="org.hsqldb.jdbcDriver"/>
               <property name="url" value="jdbc:hsqldb:file:target/temp/data/portal"/>
               <property name="username" value="sa"/>
               <property name="password" value=""/>
            </properties-param>
         </init-params>
      </component-plugin>
      <component-plugin>
         <name>bind.datasource</name>
         <set-method>addPlugin</set-method>
         <type>org.exoplatform.services.naming.BindReferencePlugin</type>
         <init-params>
            <value-param>
               <name>bind-name</name>
               <value>jdbcexo1</value>
            </value-param>
            <value-param>
               <name>class-name</name>
               <value>javax.sql.DataSource</value>
            </value-param>
            <value-param>
               <name>factory</name>
               <value>org.apache.commons.dbcp.BasicDataSourceFactory</value>
            </value-param>
            <properties-param>
               <name>ref-addresses</name>
               <description>ref-addresses</description>
               <property name="driverClassName" value="org.hsqldb.jdbcDriver"/>
               <property name="url" value="jdbc:hsqldb:file:target/temp/data/jcr"/>
               <property name="username" value="sa"/>
               <property name="password" value=""/>
            </properties-param>
         </init-params>
      </component-plugin>
   </external-component-plugins>
   <external-component-plugins>
      <target-component>org.exoplatform.services.cms.drives.ManageDriveService</target-component>
      <component-plugin>

         <name>manage.drive.plugin</name>
         <set-method>setManageDrivePlugin</set-method>
         <type>org.exoplatform.services.cms.drives.impl.ManageDrivePlugin</type>
         <description>Nothing</description>
         <init-params>

            <object-param>
               <name>driveA</name>
               <description>Drive A</description>
               <object type="org.exoplatform.services.cms.drives.DriveData">
                  <field name="name">
                     <string>driveA</string>
                  </field>
                  <field name="repository">
                     <string>db1</string>
                  </field>
                  <field name="workspace">
                     <string>ws</string>
                  </field>
                  <field name="permissions">
                     <string>*:any</string>
                  </field>
                  <field name="homePath">
                     <string>/exo:drives/driveA</string>
                  </field>
                  <field name="icon">
                     <string></string>
                  </field>
                  <field name="views">
                     <string>authoring-view</string>
                  </field>
                  <field name="viewPreferences">
                     <boolean>false</boolean>
                  </field>
                  <field name="viewNonDocument">
                     <boolean>true</boolean>
                  </field>
                  <field name="viewSideBar">
                     <boolean>true</boolean>
                  </field>
                  <field name="showHiddenNode">
                     <boolean>false</boolean>
                  </field>
                  <field name="allowCreateFolders">
                     <string>nt:folder,nt:unstructured</string>
                  </field>
                  <field name="allowNodeTypesOnTree">
                     <string>*</string>
                  </field>
               </object>
            </object-param>

            <object-param>
               <name>driveB</name>
               <description>Drive B</description>
               <object type="org.exoplatform.services.cms.drives.DriveData">
                  <field name="name">
                     <string>driveB</string>
                  </field>
                  <field name="repository">
                     <string>db1</string>
                  </field>
                  <field name="workspace">
                     <string>ws</string>
                  </field>
                  <field name="permissions">
                     <string>*:any</string>
                  </field>
                  <field name="homePath">
                     <string>/exo:drives/driveB</string>
                  </field>
                  <field name="icon">
                     <string></string>
                  </field>
                  <field name="views">
                     <string>wcm-category-view</string>
                  </field>
                  <field name="viewPreferences">
                     <boolean>false</boolean>
                  </field>
                  <field name="viewNonDocument">
                     <boolean>true</boolean>
                  </field>
                  <field name="viewSideBar">
                     <boolean>true</boolean>
                  </field>
                  <field name="showHiddenNode">
                     <boolean>false</boolean>
                  </field>
                  <field name="allowCreateFolders">
                     <string>nt:folder,nt:unstructured</string>
                  </field>
                  <field name="allowNodeTypesOnTree">
                     <string>*</string>
                  </field>
               </object>
            </object-param>
            
             <object-param>
               <name>driveC</name>
               <description>Drive C</description>
               <object type="org.exoplatform.services.cms.drives.DriveData">
                  <field name="name">
                     <string>driveC</string>
                  </field>
                  <field name="repository">
                     <string>db1</string>
                  </field>
                  <field name="workspace">
                     <string>ws1</string>
                  </field>
                  <field name="permissions">
                     <string>*:any</string>
                  </field>
                  <field name="homePath">
                     <string>/exo:drives/driveC</string>
                  </field>
                  <field name="icon">
                     <string></string>
                  </field>
                  <field name="views">
                     <string>wcm-category-view</string>
                  </field>
                  <field name="viewPreferences">
                     <boolean>false</boolean>
                  </field>
                  <field name="viewNonDocument">
                     <boolean>true</boolean>
                  </field>
                  <field name="viewSideBar">
                     <boolean>true</boolean>
                  </field>
                  <field name="showHiddenNode">
                     <boolean>false</boolean>
                  </field>
                  <field name="allowCreateFolders">
                     <string>nt:folder,nt:unstructured</string>
                  </field>
                  <field name="allowNodeTypesOnTree">
                     <string>*</string>
                  </field>
               </object>
            </object-param>

         </init-params>
      </component-plugin>

   </external-component-plugins>
   <external-component-plugins>
      <target-component>org.exoplatform.services.cms.impl.DMSConfiguration</target-component>
      <component-plugin>
         <name>dmsconfiguration.plugin</name>
         <set-method>addPlugin</set-method>
         <type>org.exoplatform.services.cms.impl.DMSRepositoryConfiguration</type>
         <description>DMS Repository configuration</description>
         <init-params>
            <value-param>
               <name>repository</name>
               <value>db1</value>
            </value-param>
            <value-param>
               <name>systemWorkspace</name>
               <value>ws</value>
            </value-param>
         </init-params>
      </component-plugin>
   </external-component-plugins>

   <external-component-plugins>
      <target-component>org.exoplatform.services.jcr.ext.hierarchy.NodeHierarchyCreator</target-component>
      <component-plugin>
         <name>addPaths</name>
         <set-method>addPlugin</set-method>
         <type>org.exoplatform.services.jcr.ext.hierarchy.impl.AddPathPlugin</type>
         <init-params>
            <object-param>
               <name>sites.content.storage.configuration</name>
               <description>config for storage to store running sites content</description>
               <object type="org.exoplatform.services.jcr.ext.hierarchy.impl.HierarchyConfig">
                  <field name="repository">
                     <string>db1</string>
                  </field>
                  <field name="workspaces">
                     <collection type="java.util.ArrayList">
                        <value>
                           <string>ws</string>
                        </value>
                        <value>
                           <string>ws1</string>
                        </value>

                     </collection>
                  </field>
                  <field name="jcrPaths">
                     <collection type="java.util.ArrayList">
                        <value>
                           <object type="org.exoplatform.services.jcr.ext.hierarchy.impl.HierarchyConfig$JcrPath">
                              <field name="alias">
                                 <string>exoDrivesPath</string>
                              </field>
                              <field name="path">
                                 <string>/exo:drives</string>
                              </field>
                           </object>
                        </value>

                     </collection>
                  </field>
               </object>
            </object-param>
         </init-params>
      </component-plugin>
   </external-component-plugins>
</configuration>
